{"C:\\Users\\Maria_Bozhyk\\Desktop\\Node.js mentoring\\Node.js-Mentoring\\src\\config.ts": {"path":"C:\\Users\\Maria_Bozhyk\\Desktop\\Node.js mentoring\\Node.js-Mentoring\\src\\config.ts","statementMap":{"0":{"start":{"line":1,"column":13},"end":{"line":1,"column":70}},"1":{"start":{"line":3,"column":13},"end":{"line":3,"column":60}}},"fnMap":{},"branchMap":{},"s":{"0":3,"1":3},"f":{},"b":{}}
,"C:\\Users\\Maria_Bozhyk\\Desktop\\Node.js mentoring\\Node.js-Mentoring\\src\\helpers.ts": {"path":"C:\\Users\\Maria_Bozhyk\\Desktop\\Node.js mentoring\\Node.js-Mentoring\\src\\helpers.ts","statementMap":{"0":{"start":{"line":1,"column":0},"end":{"line":1,"column":47}},"1":{"start":{"line":4,"column":24},"end":{"line":6,"column":1}},"2":{"start":{"line":5,"column":2},"end":{"line":5,"column":47}},"3":{"start":{"line":8,"column":21},"end":{"line":10,"column":1}},"4":{"start":{"line":9,"column":2},"end":{"line":9,"column":43}},"5":{"start":{"line":12,"column":29},"end":{"line":22,"column":1}},"6":{"start":{"line":12,"column":36},"end":{"line":12,"column":38}},"7":{"start":{"line":12,"column":45},"end":{"line":12,"column":84}},"8":{"start":{"line":13,"column":2},"end":{"line":15,"column":null}},"9":{"start":{"line":14,"column":4},"end":{"line":14,"column":79}},"10":{"start":{"line":17,"column":2},"end":{"line":19,"column":null}},"11":{"start":{"line":18,"column":4},"end":{"line":18,"column":72}},"12":{"start":{"line":21,"column":2},"end":{"line":21,"column":14}},"13":{"start":{"line":12,"column":13},"end":{"line":12,"column":29}},"14":{"start":{"line":24,"column":36},"end":{"line":30,"column":1}},"15":{"start":{"line":25,"column":2},"end":{"line":29,"column":4}},"16":{"start":{"line":24,"column":13},"end":{"line":24,"column":36}}},"fnMap":{"0":{"name":"(anonymous_0)","decl":{"start":{"line":4,"column":24},"end":{"line":4,"column":25}},"loc":{"start":{"line":4,"column":40},"end":{"line":6,"column":1}}},"1":{"name":"(anonymous_1)","decl":{"start":{"line":8,"column":21},"end":{"line":8,"column":22}},"loc":{"start":{"line":8,"column":34},"end":{"line":10,"column":1}}},"2":{"name":"(anonymous_2)","decl":{"start":{"line":12,"column":29},"end":{"line":12,"column":30}},"loc":{"start":{"line":12,"column":84},"end":{"line":22,"column":1}}},"3":{"name":"(anonymous_3)","decl":{"start":{"line":24,"column":36},"end":{"line":24,"column":37}},"loc":{"start":{"line":24,"column":59},"end":{"line":30,"column":1}}}},"branchMap":{"0":{"loc":{"start":{"line":13,"column":2},"end":{"line":15,"column":null}},"type":"if","locations":[{"start":{"line":13,"column":2},"end":{"line":15,"column":null}}]},"1":{"loc":{"start":{"line":13,"column":6},"end":{"line":13,"column":42}},"type":"binary-expr","locations":[{"start":{"line":13,"column":6},"end":{"line":13,"column":13}},{"start":{"line":13,"column":17},"end":{"line":13,"column":42}}]},"2":{"loc":{"start":{"line":17,"column":2},"end":{"line":19,"column":null}},"type":"if","locations":[{"start":{"line":17,"column":2},"end":{"line":19,"column":null}}]},"3":{"loc":{"start":{"line":17,"column":6},"end":{"line":17,"column":33}},"type":"binary-expr","locations":[{"start":{"line":17,"column":6},"end":{"line":17,"column":10}},{"start":{"line":17,"column":14},"end":{"line":17,"column":33}}]}},"s":{"0":3,"1":3,"2":9,"3":3,"4":4,"5":3,"6":12,"7":12,"8":12,"9":4,"10":8,"11":2,"12":6,"13":3,"14":3,"15":27,"16":3},"f":{"0":9,"1":4,"2":12,"3":27},"b":{"0":[4],"1":[12,9],"2":[2],"3":[8,4]}}
,"C:\\Users\\Maria_Bozhyk\\Desktop\\Node.js mentoring\\Node.js-Mentoring\\src\\mocks.ts": {"path":"C:\\Users\\Maria_Bozhyk\\Desktop\\Node.js mentoring\\Node.js-Mentoring\\src\\mocks.ts","statementMap":{"0":{"start":{"line":1,"column":0},"end":{"line":1,"column":47}},"1":{"start":{"line":4,"column":0},"end":{"line":4,"column":null}},"2":{"start":{"line":5,"column":17},"end":{"line":5,"column":37}},"3":{"start":{"line":7,"column":17},"end":{"line":7,"column":58}},"4":{"start":{"line":9,"column":17},"end":{"line":9,"column":48}},"5":{"start":{"line":11,"column":17},"end":{"line":11,"column":45}},"6":{"start":{"line":13,"column":17},"end":{"line":25,"column":6}},"7":{"start":{"line":27,"column":17},"end":{"line":31,"column":6}},"8":{"start":{"line":33,"column":17},"end":{"line":33,"column":96}},"9":{"start":{"line":35,"column":17},"end":{"line":35,"column":92}}},"fnMap":{"0":{"name":"(anonymous_0)","decl":{"start":{"line":4,"column":0},"end":{"line":4,"column":17}},"loc":{"start":{"line":4,"column":22},"end":{"line":36,"column":1}}}},"branchMap":{"0":{"loc":{"start":{"line":4,"column":17},"end":{"line":4,"column":null}},"type":"binary-expr","locations":[{"start":{"line":4,"column":17},"end":{"line":4,"column":22}},{"start":{"line":4,"column":17},"end":{"line":4,"column":null}}]}},"s":{"0":3,"1":3,"2":3,"3":3,"4":3,"5":3,"6":3,"7":3,"8":3,"9":3},"f":{"0":3},"b":{"0":[3,3]}}
,"C:\\Users\\Maria_Bozhyk\\Desktop\\Node.js mentoring\\Node.js-Mentoring\\src\\services\\public-holidays.service.ts": {"path":"C:\\Users\\Maria_Bozhyk\\Desktop\\Node.js mentoring\\Node.js-Mentoring\\src\\services\\public-holidays.service.ts","statementMap":{"0":{"start":{"line":1,"column":0},"end":{"line":1,"column":26}},"1":{"start":{"line":2,"column":0},"end":{"line":2,"column":52}},"2":{"start":{"line":3,"column":0},"end":{"line":3,"column":65}},"3":{"start":{"line":8,"column":39},"end":{"line":19,"column":2}},"4":{"start":{"line":8,"column":75},"end":{"line":19,"column":2}},"5":{"start":{"line":9,"column":2},"end":{"line":9,"column":35}},"6":{"start":{"line":12,"column":37},"end":{"line":14,"column":null}},"7":{"start":{"line":12,"column":18},"end":{"line":12,"column":37}},"8":{"start":{"line":15,"column":4},"end":{"line":15,"column":74}},"9":{"start":{"line":15,"column":43},"end":{"line":15,"column":73}},"10":{"start":{"line":17,"column":4},"end":{"line":17,"column":14}},"11":{"start":{"line":8,"column":13},"end":{"line":8,"column":39}},"12":{"start":{"line":21,"column":43},"end":{"line":30,"column":2}},"13":{"start":{"line":21,"column":65},"end":{"line":30,"column":2}},"14":{"start":{"line":22,"column":2},"end":{"line":22,"column":29}},"15":{"start":{"line":25,"column":23},"end":{"line":25,"column":null}},"16":{"start":{"line":25,"column":12},"end":{"line":25,"column":23}},"17":{"start":{"line":26,"column":4},"end":{"line":26,"column":26}},"18":{"start":{"line":28,"column":4},"end":{"line":28,"column":17}},"19":{"start":{"line":21,"column":13},"end":{"line":21,"column":43}},"20":{"start":{"line":32,"column":37},"end":{"line":43,"column":2}},"21":{"start":{"line":32,"column":59},"end":{"line":43,"column":2}},"22":{"start":{"line":33,"column":2},"end":{"line":33,"column":29}},"23":{"start":{"line":36,"column":37},"end":{"line":38,"column":null}},"24":{"start":{"line":36,"column":18},"end":{"line":36,"column":37}},"25":{"start":{"line":39,"column":4},"end":{"line":39,"column":74}},"26":{"start":{"line":39,"column":43},"end":{"line":39,"column":73}},"27":{"start":{"line":41,"column":4},"end":{"line":41,"column":14}},"28":{"start":{"line":32,"column":13},"end":{"line":32,"column":37}}},"fnMap":{"0":{"name":"(anonymous_14)","decl":{"start":{"line":8,"column":39},"end":{"line":8,"column":46}},"loc":{"start":{"line":8,"column":75},"end":{"line":19,"column":2}}},"1":{"name":"(anonymous_15)","decl":{"start":{"line":8,"column":75},"end":{"line":8,"column":null}},"loc":{"start":{"line":8,"column":75},"end":{"line":19,"column":2}}},"2":{"name":"(anonymous_17)","decl":{"start":{"line":15,"column":30},"end":{"line":15,"column":31}},"loc":{"start":{"line":15,"column":38},"end":{"line":15,"column":63}}},"3":{"name":"(anonymous_18)","decl":{"start":{"line":21,"column":43},"end":{"line":21,"column":50}},"loc":{"start":{"line":21,"column":65},"end":{"line":30,"column":2}}},"4":{"name":"(anonymous_19)","decl":{"start":{"line":21,"column":65},"end":{"line":21,"column":null}},"loc":{"start":{"line":21,"column":65},"end":{"line":30,"column":2}}},"5":{"name":"(anonymous_21)","decl":{"start":{"line":32,"column":37},"end":{"line":32,"column":44}},"loc":{"start":{"line":32,"column":59},"end":{"line":43,"column":2}}},"6":{"name":"(anonymous_22)","decl":{"start":{"line":32,"column":59},"end":{"line":32,"column":null}},"loc":{"start":{"line":32,"column":59},"end":{"line":43,"column":2}}},"7":{"name":"(anonymous_24)","decl":{"start":{"line":39,"column":30},"end":{"line":39,"column":31}},"loc":{"start":{"line":39,"column":38},"end":{"line":39,"column":63}}}},"branchMap":{},"s":{"0":2,"1":2,"2":2,"3":2,"4":6,"5":6,"6":4,"7":4,"8":3,"9":15,"10":1,"11":2,"12":2,"13":6,"14":6,"15":5,"16":5,"17":4,"18":1,"19":2,"20":2,"21":5,"22":5,"23":4,"24":4,"25":3,"26":15,"27":1,"28":2},"f":{"0":6,"1":6,"2":15,"3":6,"4":6,"5":5,"6":5,"7":15},"b":{}}
}
