TN:
SF:src\config.ts
FNF:0
FNH:0
DA:1,3
DA:3,3
LF:2
LH:2
BRF:0
BRH:0
end_of_record
TN:
SF:src\helpers.ts
FN:4,(anonymous_0)
FN:8,(anonymous_1)
FN:12,(anonymous_2)
FN:24,(anonymous_3)
FNF:4
FNH:4
FNDA:9,(anonymous_0)
FNDA:4,(anonymous_1)
FNDA:12,(anonymous_2)
FNDA:27,(anonymous_3)
DA:1,3
DA:4,3
DA:5,9
DA:8,3
DA:9,4
DA:12,12
DA:13,12
DA:14,4
DA:17,8
DA:18,2
DA:21,6
DA:24,3
DA:25,27
LF:13
LH:13
BRDA:13,0,0,4
BRDA:13,1,0,12
BRDA:13,1,1,9
BRDA:17,2,0,2
BRDA:17,3,0,8
BRDA:17,3,1,4
BRF:6
BRH:6
end_of_record
TN:
SF:src\mocks.ts
FN:4,(anonymous_0)
FNF:1
FNH:1
FNDA:3,(anonymous_0)
DA:1,3
DA:4,3
DA:5,3
DA:7,3
DA:9,3
DA:11,3
DA:13,3
DA:27,3
DA:33,3
DA:35,3
LF:10
LH:10
BRDA:4,0,0,3
BRDA:4,0,1,3
BRF:2
BRH:2
end_of_record
TN:
SF:src\services\public-holidays.service.ts
FN:8,(anonymous_14)
FN:8,(anonymous_15)
FN:15,(anonymous_17)
FN:21,(anonymous_18)
FN:21,(anonymous_19)
FN:32,(anonymous_21)
FN:32,(anonymous_22)
FN:39,(anonymous_24)
FNF:8
FNH:8
FNDA:6,(anonymous_14)
FNDA:6,(anonymous_15)
FNDA:15,(anonymous_17)
FNDA:6,(anonymous_18)
FNDA:6,(anonymous_19)
FNDA:5,(anonymous_21)
FNDA:5,(anonymous_22)
FNDA:15,(anonymous_24)
DA:1,2
DA:2,2
DA:3,2
DA:8,6
DA:9,6
DA:12,4
DA:15,15
DA:17,1
DA:21,6
DA:22,6
DA:25,5
DA:26,4
DA:28,1
DA:32,5
DA:33,5
DA:36,4
DA:39,15
DA:41,1
LF:18
LH:18
BRF:0
BRH:0
end_of_record
